<?xml version="1.0" encoding="UTF-8"?>
<testng-results ignored="0" total="1" passed="1" failed="0" skipped="0">
  <reporter-output>
    <line>
      <![CDATA[Dws page is verified]]>
    </line>
  </reporter-output>
  <suite started-at="2024-08-08T07:02:25 IST" name="Default suite" finished-at="2024-08-08T07:04:24 IST" duration-ms="119191">
    <groups>
    </groups>
    <test started-at="2024-08-08T07:02:25 IST" name="Default test" finished-at="2024-08-08T07:04:24 IST" duration-ms="119191">
      <class name="dwsTestscript.CreateFbAccount">
        <test-method is-config="true" signature="preCondition()[pri:0, instance:dwsTestscript.CreateFbAccount@1a942c18]" started-at="2024-08-08T07:02:25 IST" name="preCondition" finished-at="2024-08-08T07:02:48 IST" duration-ms="22530" status="PASS">
          <reporter-output>
          </reporter-output>
        </test-method> <!-- preCondition -->
        <test-method is-config="true" signature="login()[pri:0, instance:dwsTestscript.CreateFbAccount@1a942c18]" started-at="2024-08-08T07:02:48 IST" name="login" finished-at="2024-08-08T07:02:53 IST" duration-ms="5040" status="PASS">
          <reporter-output>
          </reporter-output>
        </test-method> <!-- login -->
        <test-method signature="fbAccount()[pri:0, instance:dwsTestscript.CreateFbAccount@1a942c18]" started-at="2024-08-08T07:02:53 IST" name="fbAccount" finished-at="2024-08-08T07:04:18 IST" duration-ms="84686" status="PASS">
          <reporter-output>
            <line>
              <![CDATA[Dws page is verified]]>
            </line>
          </reporter-output>
        </test-method> <!-- fbAccount -->
        <test-method is-config="true" signature="logout()[pri:0, instance:dwsTestscript.CreateFbAccount@1a942c18]" started-at="2024-08-08T07:04:18 IST" name="logout" finished-at="2024-08-08T07:04:24 IST" duration-ms="6101" status="PASS">
          <reporter-output>
          </reporter-output>
        </test-method> <!-- logout -->
        <test-method is-config="true" signature="postCondition()[pri:0, instance:dwsTestscript.CreateFbAccount@1a942c18]" started-at="2024-08-08T07:04:24 IST" name="postCondition" finished-at="2024-08-08T07:04:24 IST" duration-ms="352" status="PASS">
          <reporter-output>
          </reporter-output>
        </test-method> <!-- postCondition -->
      </class> <!-- dwsTestscript.CreateFbAccount -->
    </test> <!-- Default test -->
  </suite> <!-- Default suite -->
</testng-results>
